This file contains any messages produced by compilers while
running configure, to aid debugging if configure makes a mistake.

It was created by libusb configure 1.0.20, which was
generated by GNU Autoconf 2.69.  Invocation command line was

  $ ./configure --enable-debug-log

## --------- ##
## Platform. ##
## --------- ##

hostname = itsy-Inspiron-3542
uname -m = x86_64
uname -r = 3.19.0-25-generic
uname -s = Linux
uname -v = #26~14.04.1-Ubuntu SMP Fri Jul 24 21:16:20 UTC 2015

/usr/bin/uname -p = unknown
/bin/uname -X     = unknown

/bin/arch              = unknown
/usr/bin/arch -k       = unknown
/usr/convex/getsysinfo = unknown
/usr/bin/hostinfo      = unknown
/bin/machine           = unknown
/usr/bin/oslevel       = unknown
/bin/universe          = unknown

PATH: /usr/local/sbin
PATH: /usr/local/bin
PATH: /usr/sbin
PATH: /usr/bin
PATH: /sbin
PATH: /bin
PATH: /usr/games
PATH: /usr/local/games


## ----------- ##
## Core tests. ##
## ----------- ##

configure:2552: checking for a BSD-compatible install
configure:2620: result: /usr/bin/install -c
configure:2631: checking whether build environment is sane
configure:2686: result: yes
configure:2837: checking for a thread-safe mkdir -p
configure:2876: result: /bin/mkdir -p
configure:2883: checking for gawk
configure:2913: result: no
configure:2883: checking for mawk
configure:2899: found /usr/bin/mawk
configure:2910: result: mawk
configure:2921: checking whether make sets $(MAKE)
configure:2943: result: yes
configure:2972: checking whether make supports nested variables
configure:2989: result: yes
configure:3130: checking whether make supports nested variables
configure:3147: result: yes
configure:3208: checking for gcc
configure:3224: found /usr/bin/gcc
configure:3235: result: gcc
configure:3464: checking for C compiler version
configure:3473: gcc --version >&5
gcc (Ubuntu 4.8.4-2ubuntu1~14.04.1) 4.8.4
Copyright (C) 2013 Free Software Foundation, Inc.
This is free software; see the source for copying conditions.  There is NO
warranty; not even for MERCHANTABILITY or FITNESS FOR A PARTICULAR PURPOSE.

configure:3484: $? = 0
configure:3473: gcc -v >&5
Using built-in specs.
COLLECT_GCC=gcc
COLLECT_LTO_WRAPPER=/usr/lib/gcc/x86_64-linux-gnu/4.8/lto-wrapper
Target: x86_64-linux-gnu
Configured with: ../src/configure -v --with-pkgversion='Ubuntu 4.8.4-2ubuntu1~14.04.1' --with-bugurl=file:///usr/share/doc/gcc-4.8/README.Bugs --enable-languages=c,c++,java,go,d,fortran,objc,obj-c++ --prefix=/usr --program-suffix=-4.8 --enable-shared --enable-linker-build-id --libexecdir=/usr/lib --without-included-gettext --enable-threads=posix --with-gxx-include-dir=/usr/include/c++/4.8 --libdir=/usr/lib --enable-nls --with-sysroot=/ --enable-clocale=gnu --enable-libstdcxx-debug --enable-libstdcxx-time=yes --enable-gnu-unique-object --disable-libmudflap --enable-plugin --with-system-zlib --disable-browser-plugin --enable-java-awt=gtk --enable-gtk-cairo --with-java-home=/usr/lib/jvm/java-1.5.0-gcj-4.8-amd64/jre --enable-java-home --with-jvm-root-dir=/usr/lib/jvm/java-1.5.0-gcj-4.8-amd64 --with-jvm-jar-dir=/usr/lib/jvm-exports/java-1.5.0-gcj-4.8-amd64 --with-arch-directory=amd64 --with-ecj-jar=/usr/share/java/eclipse-ecj.jar --enable-objc-gc --enable-multiarch --disable-werror --with-arch-32=i686 --with-abi=m64 --with-multilib-list=m32,m64,mx32 --with-tune=generic --enable-checking=release --build=x86_64-linux-gnu --host=x86_64-linux-gnu --target=x86_64-linux-gnu
Thread model: posix
gcc version 4.8.4 (Ubuntu 4.8.4-2ubuntu1~14.04.1) 
configure:3484: $? = 0
configure:3473: gcc -V >&5
gcc: error: unrecognized command line option '-V'
gcc: fatal error: no input files
compilation terminated.
configure:3484: $? = 4
configure:3473: gcc -qversion >&5
gcc: error: unrecognized command line option '-qversion'
gcc: fatal error: no input files
compilation terminated.
configure:3484: $? = 4
configure:3504: checking whether the C compiler works
configure:3526: gcc    conftest.c  >&5
configure:3530: $? = 0
configure:3578: result: yes
configure:3581: checking for C compiler default output file name
configure:3583: result: a.out
configure:3589: checking for suffix of executables
configure:3596: gcc -o conftest    conftest.c  >&5
configure:3600: $? = 0
configure:3622: result: 
configure:3644: checking whether we are cross compiling
configure:3652: gcc -o conftest    conftest.c  >&5
configure:3656: $? = 0
configure:3663: ./conftest
configure:3667: $? = 0
configure:3682: result: no
configure:3687: checking for suffix of object files
configure:3709: gcc -c   conftest.c >&5
configure:3713: $? = 0
configure:3734: result: o
configure:3738: checking whether we are using the GNU C compiler
configure:3757: gcc -c   conftest.c >&5
configure:3757: $? = 0
configure:3766: result: yes
configure:3775: checking whether gcc accepts -g
configure:3795: gcc -c -g  conftest.c >&5
configure:3795: $? = 0
configure:3836: result: yes
configure:3853: checking for gcc option to accept ISO C89
configure:3916: gcc  -c -g -O2  conftest.c >&5
configure:3916: $? = 0
configure:3929: result: none needed
configure:3954: checking whether gcc understands -c and -o together
configure:3976: gcc -c conftest.c -o conftest2.o
configure:3979: $? = 0
configure:3976: gcc -c conftest.c -o conftest2.o
configure:3979: $? = 0
configure:3991: result: yes
configure:4019: checking for style of include used by make
configure:4047: result: GNU
configure:4073: checking dependency style of gcc
configure:4184: result: gcc3
configure:4257: checking for g++
configure:4273: found /usr/bin/g++
configure:4284: result: g++
configure:4311: checking for C++ compiler version
configure:4320: g++ --version >&5
g++ (Ubuntu 4.8.4-2ubuntu1~14.04.1) 4.8.4
Copyright (C) 2013 Free Software Foundation, Inc.
This is free software; see the source for copying conditions.  There is NO
warranty; not even for MERCHANTABILITY or FITNESS FOR A PARTICULAR PURPOSE.

configure:4331: $? = 0
configure:4320: g++ -v >&5
Using built-in specs.
COLLECT_GCC=g++
COLLECT_LTO_WRAPPER=/usr/lib/gcc/x86_64-linux-gnu/4.8/lto-wrapper
Target: x86_64-linux-gnu
Configured with: ../src/configure -v --with-pkgversion='Ubuntu 4.8.4-2ubuntu1~14.04.1' --with-bugurl=file:///usr/share/doc/gcc-4.8/README.Bugs --enable-languages=c,c++,java,go,d,fortran,objc,obj-c++ --prefix=/usr --program-suffix=-4.8 --enable-shared --enable-linker-build-id --libexecdir=/usr/lib --without-included-gettext --enable-threads=posix --with-gxx-include-dir=/usr/include/c++/4.8 --libdir=/usr/lib --enable-nls --with-sysroot=/ --enable-clocale=gnu --enable-libstdcxx-debug --enable-libstdcxx-time=yes --enable-gnu-unique-object --disable-libmudflap --enable-plugin --with-system-zlib --disable-browser-plugin --enable-java-awt=gtk --enable-gtk-cairo --with-java-home=/usr/lib/jvm/java-1.5.0-gcj-4.8-amd64/jre --enable-java-home --with-jvm-root-dir=/usr/lib/jvm/java-1.5.0-gcj-4.8-amd64 --with-jvm-jar-dir=/usr/lib/jvm-exports/java-1.5.0-gcj-4.8-amd64 --with-arch-directory=amd64 --with-ecj-jar=/usr/share/java/eclipse-ecj.jar --enable-objc-gc --enable-multiarch --disable-werror --with-arch-32=i686 --with-abi=m64 --with-multilib-list=m32,m64,mx32 --with-tune=generic --enable-checking=release --build=x86_64-linux-gnu --host=x86_64-linux-gnu --target=x86_64-linux-gnu
Thread model: posix
gcc version 4.8.4 (Ubuntu 4.8.4-2ubuntu1~14.04.1) 
configure:4331: $? = 0
configure:4320: g++ -V >&5
g++: error: unrecognized command line option '-V'
g++: fatal error: no input files
compilation terminated.
configure:4331: $? = 4
configure:4320: g++ -qversion >&5
g++: error: unrecognized command line option '-qversion'
g++: fatal error: no input files
compilation terminated.
configure:4331: $? = 4
configure:4335: checking whether we are using the GNU C++ compiler
configure:4354: g++ -c   conftest.cpp >&5
configure:4354: $? = 0
configure:4363: result: yes
configure:4372: checking whether g++ accepts -g
configure:4392: g++ -c -g  conftest.cpp >&5
configure:4392: $? = 0
configure:4433: result: yes
configure:4458: checking dependency style of g++
configure:4569: result: gcc3
configure:4613: checking build system type
configure:4627: result: x86_64-unknown-linux-gnu
configure:4647: checking host system type
configure:4660: result: x86_64-unknown-linux-gnu
configure:4701: checking how to print strings
configure:4728: result: printf
configure:4749: checking for a sed that does not truncate output
configure:4813: result: /bin/sed
configure:4831: checking for grep that handles long lines and -e
configure:4889: result: /bin/grep
configure:4894: checking for egrep
configure:4956: result: /bin/grep -E
configure:4961: checking for fgrep
configure:5023: result: /bin/grep -F
configure:5058: checking for ld used by gcc
configure:5125: result: /usr/bin/ld
configure:5132: checking if the linker (/usr/bin/ld) is GNU ld
configure:5147: result: yes
configure:5159: checking for BSD- or MS-compatible name lister (nm)
configure:5208: result: /usr/bin/nm -B
configure:5338: checking the name lister (/usr/bin/nm -B) interface
configure:5345: gcc -c -g -O2  conftest.c >&5
configure:5348: /usr/bin/nm -B "conftest.o"
configure:5351: output
0000000000000000 B some_variable
configure:5358: result: BSD nm
configure:5361: checking whether ln -s works
configure:5365: result: yes
configure:5373: checking the maximum length of command line arguments
configure:5504: result: 1572864
configure:5521: checking whether the shell understands some XSI constructs
configure:5531: result: yes
configure:5535: checking whether the shell understands "+="
configure:5541: result: yes
configure:5576: checking how to convert x86_64-unknown-linux-gnu file names to x86_64-unknown-linux-gnu format
configure:5616: result: func_convert_file_noop
configure:5623: checking how to convert x86_64-unknown-linux-gnu file names to toolchain format
configure:5643: result: func_convert_file_noop
configure:5650: checking for /usr/bin/ld option to reload object files
configure:5657: result: -r
configure:5731: checking for objdump
configure:5747: found /usr/bin/objdump
configure:5758: result: objdump
configure:5790: checking how to recognize dependent libraries
configure:5988: result: pass_all
configure:6073: checking for dlltool
configure:6103: result: no
configure:6133: checking how to associate runtime and link libraries
configure:6160: result: printf %s\n
configure:6221: checking for ar
configure:6237: found /usr/bin/ar
configure:6248: result: ar
configure:6285: checking for archiver @FILE support
configure:6302: gcc -c -g -O2  conftest.c >&5
configure:6302: $? = 0
configure:6305: ar cru libconftest.a @conftest.lst >&5
configure:6308: $? = 0
configure:6313: ar cru libconftest.a @conftest.lst >&5
ar: conftest.o: No such file or directory
configure:6316: $? = 1
configure:6328: result: @
configure:6386: checking for strip
configure:6402: found /usr/bin/strip
configure:6413: result: strip
configure:6485: checking for ranlib
configure:6501: found /usr/bin/ranlib
configure:6512: result: ranlib
configure:6614: checking command to parse /usr/bin/nm -B output from gcc object
configure:6734: gcc -c -g -O2  conftest.c >&5
configure:6737: $? = 0
configure:6741: /usr/bin/nm -B conftest.o \| sed -n -e 's/^.*[ ]\([ABCDGIRSTW][ABCDGIRSTW]*\)[ ][ ]*\([_A-Za-z][_A-Za-z0-9]*\)$/\1 \2 \2/p' | sed '/ __gnu_lto/d' \> conftest.nm
configure:6744: $? = 0
configure:6810: gcc -o conftest -g -O2   conftest.c conftstm.o >&5
configure:6813: $? = 0
configure:6851: result: ok
configure:6888: checking for sysroot
configure:6918: result: no
configure:6995: gcc -c -g -O2  conftest.c >&5
configure:6998: $? = 0
configure:7187: checking for mt
configure:7203: found /bin/mt
configure:7214: result: mt
configure:7237: checking if mt is a manifest tool
configure:7243: mt '-?'
configure:7251: result: no
configure:7893: checking how to run the C preprocessor
configure:7924: gcc -E  conftest.c
configure:7924: $? = 0
configure:7938: gcc -E  conftest.c
conftest.c:11:28: fatal error: ac_nonexistent.h: No such file or directory
 #include <ac_nonexistent.h>
                            ^
compilation terminated.
configure:7938: $? = 1
configure: failed program was:
| /* confdefs.h */
| #define PACKAGE_NAME "libusb"
| #define PACKAGE_TARNAME "libusb"
| #define PACKAGE_VERSION "1.0.20"
| #define PACKAGE_STRING "libusb 1.0.20"
| #define PACKAGE_BUGREPORT "libusb-devel@lists.sourceforge.net"
| #define PACKAGE_URL "http://libusb.info"
| #define PACKAGE "libusb"
| #define VERSION "1.0.20"
| /* end confdefs.h.  */
| #include <ac_nonexistent.h>
configure:7963: result: gcc -E
configure:7983: gcc -E  conftest.c
configure:7983: $? = 0
configure:7997: gcc -E  conftest.c
conftest.c:11:28: fatal error: ac_nonexistent.h: No such file or directory
 #include <ac_nonexistent.h>
                            ^
compilation terminated.
configure:7997: $? = 1
configure: failed program was:
| /* confdefs.h */
| #define PACKAGE_NAME "libusb"
| #define PACKAGE_TARNAME "libusb"
| #define PACKAGE_VERSION "1.0.20"
| #define PACKAGE_STRING "libusb 1.0.20"
| #define PACKAGE_BUGREPORT "libusb-devel@lists.sourceforge.net"
| #define PACKAGE_URL "http://libusb.info"
| #define PACKAGE "libusb"
| #define VERSION "1.0.20"
| /* end confdefs.h.  */
| #include <ac_nonexistent.h>
configure:8026: checking for ANSI C header files
configure:8046: gcc -c -g -O2  conftest.c >&5
configure:8046: $? = 0
configure:8119: gcc -o conftest -g -O2   conftest.c  >&5
configure:8119: $? = 0
configure:8119: ./conftest
configure:8119: $? = 0
configure:8130: result: yes
configure:8143: checking for sys/types.h
configure:8143: gcc -c -g -O2  conftest.c >&5
configure:8143: $? = 0
configure:8143: result: yes
configure:8143: checking for sys/stat.h
configure:8143: gcc -c -g -O2  conftest.c >&5
configure:8143: $? = 0
configure:8143: result: yes
configure:8143: checking for stdlib.h
configure:8143: gcc -c -g -O2  conftest.c >&5
configure:8143: $? = 0
configure:8143: result: yes
configure:8143: checking for string.h
configure:8143: gcc -c -g -O2  conftest.c >&5
configure:8143: $? = 0
configure:8143: result: yes
configure:8143: checking for memory.h
configure:8143: gcc -c -g -O2  conftest.c >&5
configure:8143: $? = 0
configure:8143: result: yes
configure:8143: checking for strings.h
configure:8143: gcc -c -g -O2  conftest.c >&5
configure:8143: $? = 0
configure:8143: result: yes
configure:8143: checking for inttypes.h
configure:8143: gcc -c -g -O2  conftest.c >&5
configure:8143: $? = 0
configure:8143: result: yes
configure:8143: checking for stdint.h
configure:8143: gcc -c -g -O2  conftest.c >&5
configure:8143: $? = 0
configure:8143: result: yes
configure:8143: checking for unistd.h
configure:8143: gcc -c -g -O2  conftest.c >&5
configure:8143: $? = 0
configure:8143: result: yes
configure:8157: checking for dlfcn.h
configure:8157: gcc -c -g -O2  conftest.c >&5
configure:8157: $? = 0
configure:8157: result: yes
configure:8374: checking for objdir
configure:8389: result: .libs
configure:8660: checking if gcc supports -fno-rtti -fno-exceptions
configure:8678: gcc -c -g -O2  -fno-rtti -fno-exceptions conftest.c >&5
cc1: warning: command line option '-fno-rtti' is valid for C++/ObjC++ but not for C [enabled by default]
configure:8682: $? = 0
configure:8695: result: no
configure:9022: checking for gcc option to produce PIC
configure:9029: result: -fPIC -DPIC
configure:9037: checking if gcc PIC flag -fPIC -DPIC works
configure:9055: gcc -c -g -O2  -fPIC -DPIC -DPIC conftest.c >&5
configure:9059: $? = 0
configure:9072: result: yes
configure:9101: checking if gcc static flag -static works
configure:9129: result: yes
configure:9144: checking if gcc supports -c -o file.o
configure:9165: gcc -c -g -O2  -o out/conftest2.o conftest.c >&5
configure:9169: $? = 0
configure:9191: result: yes
configure:9199: checking if gcc supports -c -o file.o
configure:9246: result: yes
configure:9279: checking whether the gcc linker (/usr/bin/ld -m elf_x86_64) supports shared libraries
configure:10436: result: yes
configure:10473: checking whether -lc should be explicitly linked in
configure:10481: gcc -c -g -O2  conftest.c >&5
configure:10484: $? = 0
configure:10499: gcc -shared  -fPIC -DPIC conftest.o  -v -Wl,-soname -Wl,conftest -o conftest 2\>\&1 \| /bin/grep  -lc  \>/dev/null 2\>\&1
configure:10502: $? = 0
configure:10516: result: no
configure:10676: checking dynamic linker characteristics
configure:11176: gcc -o conftest -g -O2   -Wl,-rpath -Wl,/foo conftest.c  >&5
configure:11176: $? = 0
configure:11410: result: GNU/Linux ld.so
configure:11517: checking how to hardcode library paths into programs
configure:11542: result: immediate
configure:12082: checking whether stripping libraries is possible
configure:12087: result: yes
configure:12122: checking if libtool supports shared libraries
configure:12124: result: yes
configure:12127: checking whether to build shared libraries
configure:12148: result: yes
configure:12151: checking whether to build static libraries
configure:12155: result: yes
configure:12178: checking how to run the C++ preprocessor
configure:12205: g++ -E  conftest.cpp
configure:12205: $? = 0
configure:12219: g++ -E  conftest.cpp
conftest.cpp:23:28: fatal error: ac_nonexistent.h: No such file or directory
 #include <ac_nonexistent.h>
                            ^
compilation terminated.
configure:12219: $? = 1
configure: failed program was:
| /* confdefs.h */
| #define PACKAGE_NAME "libusb"
| #define PACKAGE_TARNAME "libusb"
| #define PACKAGE_VERSION "1.0.20"
| #define PACKAGE_STRING "libusb 1.0.20"
| #define PACKAGE_BUGREPORT "libusb-devel@lists.sourceforge.net"
| #define PACKAGE_URL "http://libusb.info"
| #define PACKAGE "libusb"
| #define VERSION "1.0.20"
| #define STDC_HEADERS 1
| #define HAVE_SYS_TYPES_H 1
| #define HAVE_SYS_STAT_H 1
| #define HAVE_STDLIB_H 1
| #define HAVE_STRING_H 1
| #define HAVE_MEMORY_H 1
| #define HAVE_STRINGS_H 1
| #define HAVE_INTTYPES_H 1
| #define HAVE_STDINT_H 1
| #define HAVE_UNISTD_H 1
| #define HAVE_DLFCN_H 1
| #define LT_OBJDIR ".libs/"
| /* end confdefs.h.  */
| #include <ac_nonexistent.h>
configure:12244: result: g++ -E
configure:12264: g++ -E  conftest.cpp
configure:12264: $? = 0
configure:12278: g++ -E  conftest.cpp
conftest.cpp:23:28: fatal error: ac_nonexistent.h: No such file or directory
 #include <ac_nonexistent.h>
                            ^
compilation terminated.
configure:12278: $? = 1
configure: failed program was:
| /* confdefs.h */
| #define PACKAGE_NAME "libusb"
| #define PACKAGE_TARNAME "libusb"
| #define PACKAGE_VERSION "1.0.20"
| #define PACKAGE_STRING "libusb 1.0.20"
| #define PACKAGE_BUGREPORT "libusb-devel@lists.sourceforge.net"
| #define PACKAGE_URL "http://libusb.info"
| #define PACKAGE "libusb"
| #define VERSION "1.0.20"
| #define STDC_HEADERS 1
| #define HAVE_SYS_TYPES_H 1
| #define HAVE_SYS_STAT_H 1
| #define HAVE_STDLIB_H 1
| #define HAVE_STRING_H 1
| #define HAVE_MEMORY_H 1
| #define HAVE_STRINGS_H 1
| #define HAVE_INTTYPES_H 1
| #define HAVE_STDINT_H 1
| #define HAVE_UNISTD_H 1
| #define HAVE_DLFCN_H 1
| #define LT_OBJDIR ".libs/"
| /* end confdefs.h.  */
| #include <ac_nonexistent.h>
configure:12447: checking for ld used by g++
configure:12514: result: /usr/bin/ld -m elf_x86_64
configure:12521: checking if the linker (/usr/bin/ld -m elf_x86_64) is GNU ld
configure:12536: result: yes
configure:12591: checking whether the g++ linker (/usr/bin/ld -m elf_x86_64) supports shared libraries
configure:13593: result: yes
configure:13629: g++ -c -g -O2  conftest.cpp >&5
configure:13632: $? = 0
configure:14152: checking for g++ option to produce PIC
configure:14159: result: -fPIC -DPIC
configure:14167: checking if g++ PIC flag -fPIC -DPIC works
configure:14185: g++ -c -g -O2  -fPIC -DPIC -DPIC conftest.cpp >&5
configure:14189: $? = 0
configure:14202: result: yes
configure:14225: checking if g++ static flag -static works
configure:14253: result: yes
configure:14265: checking if g++ supports -c -o file.o
configure:14286: g++ -c -g -O2  -o out/conftest2.o conftest.cpp >&5
configure:14290: $? = 0
configure:14312: result: yes
configure:14317: checking if g++ supports -c -o file.o
configure:14364: result: yes
configure:14394: checking whether the g++ linker (/usr/bin/ld -m elf_x86_64) supports shared libraries
configure:14433: result: yes
configure:14574: checking dynamic linker characteristics
configure:15242: result: GNU/Linux ld.so
configure:15295: checking how to hardcode library paths into programs
configure:15320: result: immediate
configure:15424: checking for windres
configure:15454: result: no
configure:15558: checking for inline
configure:15574: gcc -c -g -O2  conftest.c >&5
configure:15574: $? = 0
configure:15582: result: inline
configure:15607: checking operating system
configure:15622: result: Linux
configure:15675: checking for library containing clock_gettime
configure:15706: gcc -o conftest -g -O2   conftest.c  >&5
configure:15706: $? = 0
configure:15723: result: none required
configure:15742: checking libudev.h usability
configure:15742: gcc -c -g -O2  conftest.c >&5
configure:15742: $? = 0
configure:15742: result: yes
configure:15742: checking libudev.h presence
configure:15742: gcc -E  conftest.c
configure:15742: $? = 0
configure:15742: result: yes
configure:15742: checking for libudev.h
configure:15742: result: yes
configure:15754: checking for udev_new in -ludev
configure:15779: gcc -o conftest -g -O2   conftest.c -ludev   >&5
configure:15779: $? = 0
configure:15788: result: yes
configure:15854: checking poll.h usability
configure:15854: gcc -c -g -O2  conftest.c >&5
configure:15854: $? = 0
configure:15854: result: yes
configure:15854: checking poll.h presence
configure:15854: gcc -E  conftest.c
configure:15854: $? = 0
configure:15854: result: yes
configure:15854: checking for poll.h
configure:15854: result: yes
configure:16087: checking sys/timerfd.h usability
configure:16087: gcc -c -g -O2  conftest.c >&5
configure:16087: $? = 0
configure:16087: result: yes
configure:16087: checking sys/timerfd.h presence
configure:16087: gcc -E  conftest.c
configure:16087: $? = 0
configure:16087: result: yes
configure:16087: checking for sys/timerfd.h
configure:16087: result: yes
configure:16107: checking whether TFD_NONBLOCK is declared
configure:16107: gcc -c -g -O2  conftest.c >&5
configure:16107: $? = 0
configure:16107: result: yes
configure:16119: checking whether to use timerfd for timing
configure:16126: result: yes
configure:16137: checking for struct timespec
configure:16137: gcc -c -g -O2  conftest.c >&5
configure:16137: $? = 0
configure:16137: gcc -c -g -O2  conftest.c >&5
conftest.c: In function 'main':
conftest.c:68:30: error: expected expression before ')' token
 if (sizeof ((struct timespec)))
                              ^
configure:16137: $? = 1
configure: failed program was:
| /* confdefs.h */
| #define PACKAGE_NAME "libusb"
| #define PACKAGE_TARNAME "libusb"
| #define PACKAGE_VERSION "1.0.20"
| #define PACKAGE_STRING "libusb 1.0.20"
| #define PACKAGE_BUGREPORT "libusb-devel@lists.sourceforge.net"
| #define PACKAGE_URL "http://libusb.info"
| #define PACKAGE "libusb"
| #define VERSION "1.0.20"
| #define STDC_HEADERS 1
| #define HAVE_SYS_TYPES_H 1
| #define HAVE_SYS_STAT_H 1
| #define HAVE_STDLIB_H 1
| #define HAVE_STRING_H 1
| #define HAVE_MEMORY_H 1
| #define HAVE_STRINGS_H 1
| #define HAVE_INTTYPES_H 1
| #define HAVE_STDINT_H 1
| #define HAVE_UNISTD_H 1
| #define HAVE_DLFCN_H 1
| #define LT_OBJDIR ".libs/"
| #define _GNU_SOURCE 1
| #define OS_LINUX 1
| #define HAVE_LIBUDEV_H 1
| #define HAVE_LIBUDEV 1
| #define USE_UDEV 1
| #define HAVE_POLL_H 1
| #define POLL_NFDS_TYPE nfds_t
| #define THREADS_POSIX 1
| #define USBI_TIMERFD_AVAILABLE 1
| /* end confdefs.h.  */
| #include <stdio.h>
| #ifdef HAVE_SYS_TYPES_H
| # include <sys/types.h>
| #endif
| #ifdef HAVE_SYS_STAT_H
| # include <sys/stat.h>
| #endif
| #ifdef STDC_HEADERS
| # include <stdlib.h>
| # include <stddef.h>
| #else
| # ifdef HAVE_STDLIB_H
| #  include <stdlib.h>
| # endif
| #endif
| #ifdef HAVE_STRING_H
| # if !defined STDC_HEADERS && defined HAVE_MEMORY_H
| #  include <memory.h>
| # endif
| # include <string.h>
| #endif
| #ifdef HAVE_STRINGS_H
| # include <strings.h>
| #endif
| #ifdef HAVE_INTTYPES_H
| # include <inttypes.h>
| #endif
| #ifdef HAVE_STDINT_H
| # include <stdint.h>
| #endif
| #ifdef HAVE_UNISTD_H
| # include <unistd.h>
| #endif
| int
| main ()
| {
| if (sizeof ((struct timespec)))
| 	    return 0;
|   ;
|   return 0;
| }
configure:16137: result: yes
configure:16191: checking syslog.h usability
configure:16191: gcc -c -g -O2  conftest.c >&5
configure:16191: $? = 0
configure:16191: result: yes
configure:16191: checking syslog.h presence
configure:16191: gcc -E  conftest.c
configure:16191: $? = 0
configure:16191: result: yes
configure:16191: checking for syslog.h
configure:16191: result: yes
configure:16201: checking for syslog
configure:16201: gcc -o conftest -g -O2   conftest.c -ludev  -pthread >&5
configure:16201: $? = 0
configure:16201: result: yes
configure:16263: gcc -c -g -O2 -Werror -fvisibility=hidden  conftest.c >&5
configure:16263: $? = 0
configure:16291: gcc -c -g -O2 -Wno-pointer-sign  conftest.c >&5
configure:16291: $? = 0
configure:16300: checking for sigaction
configure:16300: gcc -o conftest -g -O2   conftest.c -ludev  -pthread >&5
configure:16300: $? = 0
configure:16300: result: yes
configure:16319: checking sys/time.h usability
configure:16319: gcc -c -g -O2  conftest.c >&5
configure:16319: $? = 0
configure:16319: result: yes
configure:16319: checking sys/time.h presence
configure:16319: gcc -E  conftest.c
configure:16319: $? = 0
configure:16319: result: yes
configure:16319: checking for sys/time.h
configure:16319: result: yes
configure:16331: checking for gettimeofday
configure:16331: gcc -o conftest -g -O2   conftest.c -ludev  -pthread >&5
configure:16331: $? = 0
configure:16331: result: yes
configure:16342: checking signal.h usability
configure:16342: gcc -c -g -O2  conftest.c >&5
configure:16342: $? = 0
configure:16342: result: yes
configure:16342: checking signal.h presence
configure:16342: gcc -E  conftest.c
configure:16342: $? = 0
configure:16342: result: yes
configure:16342: checking for signal.h
configure:16342: result: yes
configure:16356: checking whether CC supports -std=gnu99
configure:16369: gcc -c -std=gnu99  conftest.c >&5
configure:16369: $? = 0
configure:16370: result: yes
configure:16509: checking that generated files are newer than configure
configure:16515: result: done
configure:16594: creating ./config.status

## ---------------------- ##
## Running config.status. ##
## ---------------------- ##

This file was extended by libusb config.status 1.0.20, which was
generated by GNU Autoconf 2.69.  Invocation command line was

  CONFIG_FILES    = 
  CONFIG_HEADERS  = 
  CONFIG_LINKS    = 
  CONFIG_COMMANDS = 
  $ ./config.status 

on itsy-Inspiron-3542

config.status:1255: creating libusb-1.0.pc
config.status:1255: creating Makefile
config.status:1255: creating libusb/Makefile
config.status:1255: creating examples/Makefile
config.status:1255: creating tests/Makefile
config.status:1255: creating doc/Makefile
config.status:1255: creating doc/doxygen.cfg
config.status:1255: creating config.h
config.status:1484: executing depfiles commands
config.status:1484: executing libtool commands

## ---------------- ##
## Cache variables. ##
## ---------------- ##

ac_cv_build=x86_64-unknown-linux-gnu
ac_cv_c_compiler_gnu=yes
ac_cv_c_inline=inline
ac_cv_cxx_compiler_gnu=yes
ac_cv_env_CCC_set=
ac_cv_env_CCC_value=
ac_cv_env_CC_set=
ac_cv_env_CC_value=
ac_cv_env_CFLAGS_set=
ac_cv_env_CFLAGS_value=
ac_cv_env_CPPFLAGS_set=
ac_cv_env_CPPFLAGS_value=
ac_cv_env_CPP_set=
ac_cv_env_CPP_value=
ac_cv_env_CXXCPP_set=
ac_cv_env_CXXCPP_value=
ac_cv_env_CXXFLAGS_set=
ac_cv_env_CXXFLAGS_value=
ac_cv_env_CXX_set=
ac_cv_env_CXX_value=
ac_cv_env_LDFLAGS_set=
ac_cv_env_LDFLAGS_value=
ac_cv_env_LIBS_set=
ac_cv_env_LIBS_value=
ac_cv_env_build_alias_set=
ac_cv_env_build_alias_value=
ac_cv_env_host_alias_set=
ac_cv_env_host_alias_value=
ac_cv_env_target_alias_set=
ac_cv_env_target_alias_value=
ac_cv_func_gettimeofday=yes
ac_cv_func_sigaction=yes
ac_cv_func_syslog=yes
ac_cv_have_decl_TFD_NONBLOCK=yes
ac_cv_header_dlfcn_h=yes
ac_cv_header_inttypes_h=yes
ac_cv_header_libudev_h=yes
ac_cv_header_memory_h=yes
ac_cv_header_poll_h=yes
ac_cv_header_signal_h=yes
ac_cv_header_stdc=yes
ac_cv_header_stdint_h=yes
ac_cv_header_stdlib_h=yes
ac_cv_header_string_h=yes
ac_cv_header_strings_h=yes
ac_cv_header_sys_stat_h=yes
ac_cv_header_sys_time_h=yes
ac_cv_header_sys_timerfd_h=yes
ac_cv_header_sys_types_h=yes
ac_cv_header_syslog_h=yes
ac_cv_header_unistd_h=yes
ac_cv_host=x86_64-unknown-linux-gnu
ac_cv_lib_udev_udev_new=yes
ac_cv_objext=o
ac_cv_path_EGREP='/bin/grep -E'
ac_cv_path_FGREP='/bin/grep -F'
ac_cv_path_GREP=/bin/grep
ac_cv_path_SED=/bin/sed
ac_cv_path_install='/usr/bin/install -c'
ac_cv_path_mkdir=/bin/mkdir
ac_cv_prog_AWK=mawk
ac_cv_prog_CPP='gcc -E'
ac_cv_prog_CXXCPP='g++ -E'
ac_cv_prog_ac_ct_AR=ar
ac_cv_prog_ac_ct_CC=gcc
ac_cv_prog_ac_ct_CXX=g++
ac_cv_prog_ac_ct_MANIFEST_TOOL=mt
ac_cv_prog_ac_ct_OBJDUMP=objdump
ac_cv_prog_ac_ct_RANLIB=ranlib
ac_cv_prog_ac_ct_STRIP=strip
ac_cv_prog_cc_c89=
ac_cv_prog_cc_g=yes
ac_cv_prog_cxx_g=yes
ac_cv_prog_make_make_set=yes
ac_cv_search_clock_gettime='none required'
ac_cv_type_struct_timespec=yes
am_cv_CC_dependencies_compiler_type=gcc3
am_cv_CXX_dependencies_compiler_type=gcc3
am_cv_make_support_nested_variables=yes
am_cv_prog_cc_c_o=yes
lt_cv_ar_at_file=@
lt_cv_archive_cmds_need_lc=no
lt_cv_deplibs_check_method=pass_all
lt_cv_file_magic_cmd='$MAGIC_CMD'
lt_cv_file_magic_test_file=
lt_cv_ld_reload_flag=-r
lt_cv_nm_interface='BSD nm'
lt_cv_objdir=.libs
lt_cv_path_LD=/usr/bin/ld
lt_cv_path_LDCXX='/usr/bin/ld -m elf_x86_64'
lt_cv_path_NM='/usr/bin/nm -B'
lt_cv_path_mainfest_tool=no
lt_cv_prog_compiler_c_o=yes
lt_cv_prog_compiler_c_o_CXX=yes
lt_cv_prog_compiler_c_o_RC=yes
lt_cv_prog_compiler_pic='-fPIC -DPIC'
lt_cv_prog_compiler_pic_CXX='-fPIC -DPIC'
lt_cv_prog_compiler_pic_works=yes
lt_cv_prog_compiler_pic_works_CXX=yes
lt_cv_prog_compiler_rtti_exceptions=no
lt_cv_prog_compiler_static_works=yes
lt_cv_prog_compiler_static_works_CXX=yes
lt_cv_prog_gnu_ld=yes
lt_cv_prog_gnu_ldcxx=yes
lt_cv_sharedlib_from_linklib_cmd='printf %s\n'
lt_cv_shlibpath_overrides_runpath=no
lt_cv_sys_global_symbol_pipe='sed -n -e '\''s/^.*[	 ]\([ABCDGIRSTW][ABCDGIRSTW]*\)[	 ][	 ]*\([_A-Za-z][_A-Za-z0-9]*\)$/\1 \2 \2/p'\'' | sed '\''/ __gnu_lto/d'\'''
lt_cv_sys_global_symbol_to_c_name_address='sed -n -e '\''s/^: \([^ ]*\)[ ]*$/  {\"\1\", (void *) 0},/p'\'' -e '\''s/^[ABCDGIRSTW]* \([^ ]*\) \([^ ]*\)$/  {"\2", (void *) \&\2},/p'\'''
lt_cv_sys_global_symbol_to_c_name_address_lib_prefix='sed -n -e '\''s/^: \([^ ]*\)[ ]*$/  {\"\1\", (void *) 0},/p'\'' -e '\''s/^[ABCDGIRSTW]* \([^ ]*\) \(lib[^ ]*\)$/  {"\2", (void *) \&\2},/p'\'' -e '\''s/^[ABCDGIRSTW]* \([^ ]*\) \([^ ]*\)$/  {"lib\2", (void *) \&\2},/p'\'''
lt_cv_sys_global_symbol_to_cdecl='sed -n -e '\''s/^T .* \(.*\)$/extern int \1();/p'\'' -e '\''s/^[ABCDGIRSTW]* .* \(.*\)$/extern char \1;/p'\'''
lt_cv_sys_max_cmd_len=1572864
lt_cv_to_host_file_cmd=func_convert_file_noop
lt_cv_to_tool_file_cmd=func_convert_file_noop

## ----------------- ##
## Output variables. ##
## ----------------- ##

ACLOCAL='${SHELL} /home/itsy/libusb/missing aclocal-1.14'
AMDEPBACKSLASH='\'
AMDEP_FALSE='#'
AMDEP_TRUE=''
AMTAR='$${TAR-tar}'
AM_BACKSLASH='\'
AM_CFLAGS=' -std=gnu99 -Wall -Wundef -Wunused -Wstrict-prototypes -Werror-implicit-function-declaration -Wno-pointer-sign -Wshadow -pthread -fvisibility=hidden'
AM_DEFAULT_V='$(AM_DEFAULT_VERBOSITY)'
AM_DEFAULT_VERBOSITY='0'
AM_V='$(V)'
AR='ar'
AUTOCONF='${SHELL} /home/itsy/libusb/missing autoconf'
AUTOHEADER='${SHELL} /home/itsy/libusb/missing autoheader'
AUTOMAKE='${SHELL} /home/itsy/libusb/missing automake-1.14'
AWK='mawk'
BUILD_EXAMPLES_FALSE=''
BUILD_EXAMPLES_TRUE='#'
BUILD_TESTS_FALSE=''
BUILD_TESTS_TRUE='#'
CC='gcc'
CCDEPMODE='depmode=gcc3'
CFLAGS='-g -O2'
CPP='gcc -E'
CPPFLAGS=''
CREATE_IMPORT_LIB_FALSE=''
CREATE_IMPORT_LIB_TRUE='#'
CXX='g++'
CXXCPP='g++ -E'
CXXDEPMODE='depmode=gcc3'
CXXFLAGS='-g -O2'
CYGPATH_W='echo'
DEFS='-DHAVE_CONFIG_H'
DEPDIR='.deps'
DLLTOOL='false'
DSYMUTIL=''
DUMPBIN=''
ECHO_C=''
ECHO_N='-n'
ECHO_T=''
EGREP='/bin/grep -E'
EXEEXT=''
FGREP='/bin/grep -F'
GREP='/bin/grep'
HAVE_SIGACTION_FALSE='#'
HAVE_SIGACTION_TRUE=''
INSTALL_DATA='${INSTALL} -m 644'
INSTALL_PROGRAM='${INSTALL}'
INSTALL_SCRIPT='${INSTALL}'
INSTALL_STRIP_PROGRAM='$(install_sh) -c -s'
LD='/usr/bin/ld -m elf_x86_64'
LDFLAGS=''
LIBOBJS=''
LIBS='-ludev  -pthread'
LIBTOOL='$(SHELL) $(top_builddir)/libtool'
LIPO=''
LN_S='ln -s'
LTLDFLAGS='-version-info 1:0:1 -no-undefined'
LTLIBOBJS=''
MAKEINFO='${SHELL} /home/itsy/libusb/missing makeinfo'
MANIFEST_TOOL=':'
MKDIR_P='/bin/mkdir -p'
NM='/usr/bin/nm -B'
NMEDIT=''
OBJDUMP='objdump'
OBJEXT='o'
OS_DARWIN=''
OS_DARWIN_FALSE=''
OS_DARWIN_TRUE='#'
OS_HAIKU=''
OS_HAIKU_FALSE=''
OS_HAIKU_TRUE='#'
OS_LINUX=''
OS_LINUX_FALSE='#'
OS_LINUX_TRUE=''
OS_NETBSD=''
OS_NETBSD_FALSE=''
OS_NETBSD_TRUE='#'
OS_OPENBSD=''
OS_OPENBSD_FALSE=''
OS_OPENBSD_TRUE='#'
OS_WINDOWS=''
OS_WINDOWS_FALSE=''
OS_WINDOWS_TRUE='#'
OTOOL64=''
OTOOL=''
PACKAGE='libusb'
PACKAGE_BUGREPORT='libusb-devel@lists.sourceforge.net'
PACKAGE_NAME='libusb'
PACKAGE_STRING='libusb 1.0.20'
PACKAGE_TARNAME='libusb'
PACKAGE_URL='http://libusb.info'
PACKAGE_VERSION='1.0.20'
PATH_SEPARATOR=':'
RANLIB='ranlib'
RC=''
SED='/bin/sed'
SET_MAKE=''
SHELL='/bin/bash'
STRIP='strip'
THREADS_POSIX_FALSE='#'
THREADS_POSIX_TRUE=''
USE_UDEV=''
USE_UDEV_FALSE='#'
USE_UDEV_TRUE=''
USE_USBDK=''
USE_USBDK_FALSE=''
USE_USBDK_TRUE='#'
VERSION='1.0.20'
ac_ct_AR='ar'
ac_ct_CC='gcc'
ac_ct_CXX='g++'
ac_ct_DUMPBIN=''
am__EXEEXT_FALSE=''
am__EXEEXT_TRUE='#'
am__fastdepCC_FALSE='#'
am__fastdepCC_TRUE=''
am__fastdepCXX_FALSE='#'
am__fastdepCXX_TRUE=''
am__include='include'
am__isrc=''
am__leading_dot='.'
am__nodep='_no'
am__quote=''
am__tar='$${TAR-tar} chof - "$$tardir"'
am__untar='$${TAR-tar} xf -'
bindir='${exec_prefix}/bin'
build='x86_64-unknown-linux-gnu'
build_alias=''
build_cpu='x86_64'
build_os='linux-gnu'
build_vendor='unknown'
datadir='${datarootdir}'
datarootdir='${prefix}/share'
docdir='${datarootdir}/doc/${PACKAGE_TARNAME}'
dvidir='${docdir}'
exec_prefix='${prefix}'
host='x86_64-unknown-linux-gnu'
host_alias=''
host_cpu='x86_64'
host_os='linux-gnu'
host_vendor='unknown'
htmldir='${docdir}'
includedir='${prefix}/include'
infodir='${datarootdir}/info'
install_sh='${SHELL} /home/itsy/libusb/install-sh'
libdir='${exec_prefix}/lib'
libexecdir='${exec_prefix}/libexec'
localedir='${datarootdir}/locale'
localstatedir='${prefix}/var'
mandir='${datarootdir}/man'
mkdir_p='$(MKDIR_P)'
oldincludedir='/usr/include'
pdfdir='${docdir}'
prefix='/usr/local'
program_transform_name='s,x,x,'
psdir='${docdir}'
sbindir='${exec_prefix}/sbin'
sharedstatedir='${prefix}/com'
sysconfdir='${prefix}/etc'
target_alias=''

## ----------- ##
## confdefs.h. ##
## ----------- ##

/* confdefs.h */
#define PACKAGE_NAME "libusb"
#define PACKAGE_TARNAME "libusb"
#define PACKAGE_VERSION "1.0.20"
#define PACKAGE_STRING "libusb 1.0.20"
#define PACKAGE_BUGREPORT "libusb-devel@lists.sourceforge.net"
#define PACKAGE_URL "http://libusb.info"
#define PACKAGE "libusb"
#define VERSION "1.0.20"
#define STDC_HEADERS 1
#define HAVE_SYS_TYPES_H 1
#define HAVE_SYS_STAT_H 1
#define HAVE_STDLIB_H 1
#define HAVE_STRING_H 1
#define HAVE_MEMORY_H 1
#define HAVE_STRINGS_H 1
#define HAVE_INTTYPES_H 1
#define HAVE_STDINT_H 1
#define HAVE_UNISTD_H 1
#define HAVE_DLFCN_H 1
#define LT_OBJDIR ".libs/"
#define _GNU_SOURCE 1
#define OS_LINUX 1
#define HAVE_LIBUDEV_H 1
#define HAVE_LIBUDEV 1
#define USE_UDEV 1
#define HAVE_POLL_H 1
#define POLL_NFDS_TYPE nfds_t
#define THREADS_POSIX 1
#define USBI_TIMERFD_AVAILABLE 1
#define HAVE_STRUCT_TIMESPEC 1
#define ENABLE_LOGGING 1
#define ENABLE_DEBUG_LOGGING 1
#define HAVE_SYSLOG_H 1
#define HAVE_SYSLOG_FUNC 1
#define DEFAULT_VISIBILITY __attribute__((visibility("default")))
#define HAVE_SYS_TIME_H 1
#define HAVE_GETTIMEOFDAY 1
#define HAVE_SIGNAL_H 1

configure: exit 0
